<?xml version="1.0" encoding="UTF-8"?>
<!-- Generated by org.testng.reporters.JUnitReportReporter -->
<testsuite skipped="0" hostname="pl1inpun1296nb" name="seleniumtest.VerifyTitleTest" tests="2" failures="0" timestamp="2019-11-27T10:26:03 IST" time="30.367" errors="0">
  <testcase name="VerifyTitle" time="14.056" classname="seleniumtest.VerifyTitleTest"/>
  <testcase name="Verifyurl" time="16.311" classname="seleniumtest.VerifyTitleTest"/>
</testsuite> <!-- seleniumtest.VerifyTitleTest -->
