<?xml version="1.0" encoding="UTF-8"?>
<!-- Generated by org.testng.reporters.JUnitReportReporter -->
<testsuite skipped="0" hostname="pl1inpun1296nb" name="seleniumtest.VerifyTitleTestusingClass" tests="2" failures="0" timestamp="2019-11-27T10:26:03 IST" time="1.586" errors="0">
  <testcase name="Verifyurl" time="0.240" classname="seleniumtest.VerifyTitleTestusingClass"/>
  <testcase name="VerifyTitle" time="1.346" classname="seleniumtest.VerifyTitleTestusingClass"/>
</testsuite> <!-- seleniumtest.VerifyTitleTestusingClass -->
